This is e-pTeX, Version 3.14159265-p3.8.0-180226-2.6 (utf8.euc) (TeX Live 2018) (preloaded format=platex 2018.12.27)  8 JAN 2019 16:28
entering extended mode
 restricted \write18 enabled.
 %&-line parsing enabled.
**index.tex
(./index.tex
pLaTeX2e <2018-04-01>+1 (based on LaTeX2e <2018-04-01> patch level 2)
Babel <3.18> and hyphenation patterns for 84 language(s) loaded.
(/usr/local/texlive/2018/texmf-dist/tex/platex/base/jreport.cls
Document Class: jreport 2018/02/04 v1.7h Standard pLaTeX class
\c@@paper=\count83
(/usr/local/texlive/2018/texmf-dist/tex/platex/base/jsize12.clo
File: jsize12.clo 2018/02/04 v1.7h Standard pLaTeX file (size option)
)
\c@part=\count84
\c@chapter=\count85
\c@section=\count86
\c@subsection=\count87
\c@subsubsection=\count88
\c@paragraph=\count89
\c@subparagraph=\count90
\c@figure=\count91
\c@table=\count92
\abovecaptionskip=\skip41
\belowcaptionskip=\skip42
\symmincho=\mathgroup4
LaTeX Font Info:    Overwriting symbol font `mincho' in version `bold'
(Font)                  JY1/mc/m/n --> JY1/gt/m/n on input line 703.
\toclineskip=\dimen118
\@lnumwidth=\dimen119
\bibindent=\dimen120
\heisei=\count93
)
(/usr/local/texlive/2018/texmf-dist/tex/latex/graphics/graphicx.sty
Package: graphicx 2017/06/01 v1.1a Enhanced LaTeX Graphics (DPC,SPQR)

(/usr/local/texlive/2018/texmf-dist/tex/latex/graphics/keyval.sty
Package: keyval 2014/10/28 v1.15 key=value parser (DPC)
\KV@toks@=\toks15
)
(/usr/local/texlive/2018/texmf-dist/tex/latex/graphics/graphics.sty
Package: graphics 2017/06/25 v1.2c Standard LaTeX Graphics (DPC,SPQR)

(/usr/local/texlive/2018/texmf-dist/tex/latex/graphics/trig.sty
Package: trig 2016/01/03 v1.10 sin cos tan (DPC)
)
(/usr/local/texlive/2018/texmf-dist/tex/latex/graphics-cfg/graphics.cfg
File: graphics.cfg 2016/06/04 v1.11 sample graphics configuration
)
Package graphics Info: Driver file: dvipdfmx.def on input line 99.

(/usr/local/texlive/2018/texmf-dist/tex/latex/graphics-def/dvipdfmx.def
File: dvipdfmx.def 2017/06/24 v5.0g Graphics/color driver for dvipdfmx
))
\Gin@req@height=\dimen121
\Gin@req@width=\dimen122
)
(/usr/local/texlive/2018/texmf-dist/tex/latex/ascmac/ascmac.sty
Package: ascmac 2018/03/09 v2.0h ascmac wrapper (community edition) 

(/usr/local/texlive/2018/texmf-dist/tex/latex/ascmac/tascmac.sty
Package: tascmac 2018/03/09 v2.0h ascmac package (community edition) 
\@savetbaselineshift=\dimen123
\@saveybaselineshift=\dimen124
\scb@x=\box42
\scscb@x=\box43
\@bw=\dimen125
\@nbox=\box44
\@nbody=\box45
\@scw=\dimen126
\ascmac@hoboxa=\box46
\ascmac@hoboxb=\box47
\@itemh=\dimen127
\@iboxpos=\toks16
\@iboxstr=\box48
\@bwsp=\box49
\@@bwsp=\box50
\@bcal=\count94
\shaderule=\dimen128
))
(/usr/local/texlive/2018/texmf-dist/tex/latex/url/url.sty
\Urlmuskip=\muskip10
Package: url 2013/09/16  ver 3.4  Verb mode for urls, etc.
)
(./style/moreverb.sty

LaTeX Warning: You have requested package `style/moreverb',
               but the package provides `moreverb'.

Package: moreverb 2008/06/03 v2.3a `more' verbatim facilities
(/usr/local/texlive/2018/texmf-dist/tex/latex/tools/verbatim.sty
Package: verbatim 2014/10/28 v1.5q LaTeX2e package for verbatim enhancements
\every@verbatim=\toks17
\verbatim@line=\toks18
\verbatim@in@stream=\read1
)
\tab@position=\count95
\tab@size=\count96
\listing@line=\count97
)
(/usr/local/texlive/2018/texmf-dist/tex/latex/multirow/multirow.sty
Package: multirow 2016/11/25 v2.2 Span multiple rows of a table
\multirow@colwidth=\skip43
\multirow@cntb=\count98
\multirow@dima=\skip44
\bigstrutjot=\dimen129
)
(./style/eclbkbox.sty
\bk@bxb=\box51
\bk@bxa=\box52
\bk@lcnt=\count99
)
(/usr/local/texlive/2018/texmf-dist/tex/latex/fancybox/fancybox.sty
Package: fancybox 2010/05/15 1.4

Style option: `fancybox' v1.4 <2010/05/15> (tvz)
\@fancybox=\box53
\shadowsize=\dimen130
\@Sbox=\box54
\do@VerbBox=\toks19
\the@fancyput=\toks20
\this@fancyput=\toks21
\EndVerbatimTokens=\toks22
\Verbatim@Outfile=\write3
\Verbatim@Infile=\read2
) (/usr/local/texlive/2018/texmf-dist/tex/latex/tools/enumerate.sty
Package: enumerate 2015/07/23 v3.00 enumerate extensions (DPC)
\@enLab=\toks23
)
(./macro.tex) (./index.aux)
\openout1 = `index.aux'.

LaTeX Font Info:    Checking defaults for OML/cmm/m/it on input line 24.
LaTeX Font Info:    ... okay on input line 24.
LaTeX Font Info:    Checking defaults for T1/cmr/m/n on input line 24.
LaTeX Font Info:    ... okay on input line 24.
LaTeX Font Info:    Checking defaults for OT1/cmr/m/n on input line 24.
LaTeX Font Info:    ... okay on input line 24.
LaTeX Font Info:    Checking defaults for OMS/cmsy/m/n on input line 24.
LaTeX Font Info:    ... okay on input line 24.
LaTeX Font Info:    Checking defaults for OMX/cmex/m/n on input line 24.
LaTeX Font Info:    ... okay on input line 24.
LaTeX Font Info:    Checking defaults for U/cmr/m/n on input line 24.
LaTeX Font Info:    ... okay on input line 24.
LaTeX Font Info:    Checking defaults for JY1/mc/m/n on input line 24.
LaTeX Font Info:    ... okay on input line 24.
LaTeX Font Info:    Checking defaults for JT1/mc/m/n on input line 24.
LaTeX Font Info:    ... okay on input line 24.
LaTeX Font Info:    External font `cmex10' loaded for size
(Font)              <17.28> on input line 26.
LaTeX Font Info:    External font `cmex10' loaded for size
(Font)              <12> on input line 26.
 [1

]
LaTeX Font Info:    Font shape `JT1/mc/bx/n' in size <24.88> not available
(Font)              Font shape `JT1/gt/m/n' tried instead on input line 27.
LaTeX Font Info:    Font shape `JY1/mc/bx/n' in size <24.88> not available
(Font)              Font shape `JY1/gt/m/n' tried instead on input line 27.
 (./index.toc
LaTeX Font Info:    Font shape `JT1/mc/bx/n' in size <12> not available
(Font)              Font shape `JT1/gt/m/n' tried instead on input line 1.
LaTeX Font Info:    Font shape `JY1/mc/bx/n' in size <12> not available
(Font)              Font shape `JY1/gt/m/n' tried instead on input line 1.
LaTeX Font Info:    External font `cmex10' loaded for size
(Font)              <8> on input line 2.
LaTeX Font Info:    External font `cmex10' loaded for size
(Font)              <6> on input line 2.
)
\tf@toc=\write4
\openout4 = `index.toc'.

 [1

] (./index.lof)
\tf@lof=\write5
\openout5 = `index.lof'.

 [2

]
(./index.lot)
\tf@lot=\write6
\openout6 = `index.lot'.

 [3

] (./chapter/chapter1.tex
第 1 章
LaTeX Font Info:    Font shape `JT1/mc/bx/n' in size <17.28> not available
(Font)              Font shape `JT1/gt/m/n' tried instead on input line 2.
LaTeX Font Info:    Font shape `JY1/mc/bx/n' in size <17.28> not available
(Font)              Font shape `JY1/gt/m/n' tried instead on input line 2.
) (./chapter/chapter2.tex [1


]
第 2 章
LaTeX Font Info:    Font shape `JT1/mc/bx/n' in size <14.4> not available
(Font)              Font shape `JT1/gt/m/n' tried instead on input line 3.
LaTeX Font Info:    Font shape `JY1/mc/bx/n' in size <14.4> not available
(Font)              Font shape `JY1/gt/m/n' tried instead on input line 3.
[2

]
File: ./img/MIDI_make.png Graphic file (type bmp)
<./img/MIDI_make.png>
) (./chapter/chapter3.tex
! Improper \prevdepth.
\newpage ...everypar {}\fi \par \ifdim \prevdepth 
                                                  >\z@ \vskip -\ifdim \prevd...
l.1 \chapter
            {実験内容}
? ^^[[A
Type <return> to proceed, S to scroll future error messages,
R to run without stopping, Q to run quietly,
I to insert something, E to edit your file,
1 or ... or 9 to ignore the next 1 to 9 tokens of input,
H for help, X to quit.
? 

! LaTeX Error: Something's wrong--perhaps a missing \item.

See the LaTeX manual or LaTeX Companion for explanation.
Type  H <return>  for immediate help.
 ...                                              
                                                  
l.1 \chapter
            {実験内容}
? 
[3]
第 3 章

! LaTeX Error: Something's wrong--perhaps a missing \item.

See the LaTeX manual or LaTeX Companion for explanation.
Type  H <return>  for immediate help.
 ...                                              
                                                  
l.1 \chapter{実験内容}
                      
? 

! LaTeX Error: Something's wrong--perhaps a missing \item.

See the LaTeX manual or LaTeX Companion for explanation.
Type  H <return>  for immediate help.
 ...                                              
                                                  
l.2 \section
            {モデルによる違い}
? 

! LaTeX Error: Something's wrong--perhaps a missing \item.

See the LaTeX manual or LaTeX Companion for explanation.
Type  H <return>  for immediate help.
 ...                                              
                                                  
l.2 \section{モデルによる違い}
                              
? 

! Package inputenc Error: Unicode character ^^H (U+8)
(inputenc)                not set up for use with LaTeX.

See the inputenc package documentation for explanation.
Type  H <return>  for immediate help.
 ...                                              
                                                  
l.3 ...モデルを用いた。以下に示すモデルを用いて^^H
                                                  楽曲制作をそれぞれ行い，比...

? 

! LaTeX Error: Something's wrong--perhaps a missing \item.

See the LaTeX manual or LaTeX Companion for explanation.
Type  H <return>  for immediate help.
 ...                                              
                                                  
l.4 
    
? 

! LaTeX Error: Something's wrong--perhaps a missing \item.

See the LaTeX manual or LaTeX Companion for explanation.
Type  H <return>  for immediate help.
 ...                                              
                                                  
l.5 \subsection
               {MelodyRNN}
? 

! LaTeX Error: Something's wrong--perhaps a missing \item.

See the LaTeX manual or LaTeX Companion for explanation.
Type  H <return>  for immediate help.
 ...                                              
                                                  
l.5 \subsection{MelodyRNN}
                          
? 

! Package inputenc Error: Unicode character ^^H (U+8)
(inputenc)                not set up for use with LaTeX.

See the inputenc package documentation for explanation.
Type  H <return>  for immediate help.
 ...                                              
                                                  
l.6 ...は楽曲のメロディを制作するモデルである．^^H
                                                  ^^HMelodyRNNである３つのモ...

? 

! Package inputenc Error: Unicode character ^^H (U+8)
(inputenc)                not set up for use with LaTeX.

See the inputenc package documentation for explanation.
Type  H <return>  for immediate help.
 ...                                              
                                                  
l.6 ...曲のメロディを制作するモデルである．^^H^^H
                                                 MelodyRNNである３つのモデルを
? 
! Missing $ inserted.
<inserted text> 
                $
l.7 (1)^^Ibasic_
                rnn\\
? 

! LaTeX Error: Something's wrong--perhaps a missing \item.

See the LaTeX manual or LaTeX Companion for explanation.
Type  H <return>  for immediate help.
 ...                                              
                                                  
l.11     \begin
               {center}
? 
! Missing $ inserted.
<inserted text> 
                $
l.11     \begin
               {center}
? 
! Missing } inserted.
<inserted text> 
                }
l.11     \begin
               {center}
? 
! Missing \endgroup inserted.
<inserted text> 
                \endgroup 
l.11     \begin
               {center}
? 
! Extra }, or forgotten \endgroup.
\par ...par@deathcycles >\@m \@noitemerr {\@@par }
                                                  \fi \else {\@@par }\fi 
l.11     \begin
               {center}
? 
! Undefined control sequence.
\@screen ...}\@scw \linewidth \advance \@scw -\@r 
                                                  pt \setbox \scb@x =\hbox t...
l.11     \begin
               {center}
? 
! Missing number, treated as zero.
<to be read again> 
                   p
l.11     \begin
               {center}
? 

! LaTeX Error: Something's wrong--perhaps a missing \item.

See the LaTeX manual or LaTeX Companion for explanation.
Type  H <return>  for immediate help.
 ...                                              
                                                  
l.11     \begin{center}
                       
? 

LaTeX Warning: File `./img/basic1.png' not found on input line 12.


! LaTeX Error: Cannot determine size of graphic in ./img/basic1.xbb (no Boundin
gBox).

See the LaTeX manual or LaTeX Companion for explanation.
Type  H <return>  for immediate help.
 ...                                              
                                                  
l.12 ...egraphics[scale=1, clip]{./img/basic1.png}
                                                  
? 
File: ./img/basic1.png Graphic file (type bmp)
<./img/basic1.png>

! LaTeX Error: \caption outside float.

See the LaTeX manual or LaTeX Companion for explanation.
Type  H <return>  for immediate help.
 ...                                              
                                                  
l.13         \caption
                     {magentaによるMIDI音楽データ生成までのプロセス}
? 
! Undefined control sequence.
\endscreen ...{\unitlength }{1pt}\hrule \kern \@s 
                                                  \@hobox {tl}{tr}{\@r }\ker...
l.16     \end{screen}
                     
? 
! Missing number, treated as zero.
<to be read again> 
                   \def 
l.16     \end{screen}
                     
? 
! Illegal unit of measure (pt inserted).
<to be read again> 
                   \def 
l.16     \end{screen}
                     
? 
! Undefined control sequence.
<argument> \@r 
               
l.16     \end{screen}
                     
? 
! Undefined control sequence.
<argument> \@r 
               
l.16     \end{screen}
                     
? 

LaTeX Warning: \oval, \circle, or \line size unavailable on input line 16.


Overfull \vbox (1.5pt too high) detected at line 16
 []


Overfull \hbox (1.5pt too wide) detected at line 16
 
 []

! Undefined control sequence.
<argument> \@r 
               
l.16     \end{screen}
                     
? 
! Undefined control sequence.
<argument> \@r 
               
l.16     \end{screen}
                     
? 

LaTeX Warning: \oval, \circle, or \line size unavailable on input line 16.


Overfull \vbox (1.5pt too high) detected at line 16
 []


Overfull \hbox (1.5pt too wide) detected at line 16
 
 []

! Undefined control sequence.
<argument> \@r 
               
l.16     \end{screen}
                     
? 
! Undefined control sequence.
\endscreen ...s \@hobox {tl}{tr}{\@r }\kern -\@sx 
                                                  \box \scb@x \@hobox {bl}{b...
l.16     \end{screen}
                     
? 
! Missing number, treated as zero.
<to be read again> 
                   \box 
l.16     \end{screen}
                     
? 
! Illegal unit of measure (pt inserted).
<to be read again> 
                   \box 
l.16     \end{screen}
                     
? 
! Undefined control sequence.
<argument> \@r 
               
l.16     \end{screen}
                     
? 
! Undefined control sequence.
<argument> \@r 
               
l.16     \end{screen}
                     
? 

LaTeX Warning: \oval, \circle, or \line size unavailable on input line 16.


Overfull \vbox (1.5pt too high) detected at line 16
 []


Overfull \hbox (1.5pt too wide) detected at line 16
 
 []

! Undefined control sequence.
<argument> \@r 
               
l.16     \end{screen}
                     
? 
! Undefined control sequence.
<argument> \@r 
               
l.16     \end{screen}
                     
? 

LaTeX Warning: \oval, \circle, or \line size unavailable on input line 16.


Overfull \vbox (1.5pt too high) detected at line 16
 []


Overfull \hbox (1.5pt too wide) detected at line 16
 
 []

! Undefined control sequence.
<argument> \@r 
               
l.16     \end{screen}
                     
? 
! Undefined control sequence.
\endscreen ...\dimen 0=\ht \scscb@x \dimen 2=\@sx 
                                                  \advance \dimen 2 .2pt \no...
l.16     \end{screen}
                     
? 
! Missing number, treated as zero.
<to be read again> 
                   \advance 
l.16     \end{screen}
                     
? 
! Illegal unit of measure (pt inserted).
<to be read again> 
                   \advance 
l.16     \end{screen}
                     
? 

! LaTeX Error: \begin{itemize} on input line 19 ended by \end{screen}.

See the LaTeX manual or LaTeX Companion for explanation.
Type  H <return>  for immediate help.
 ...                                              
                                                  
l.16     \end{screen}
                     
? 
! Too many }'s.
\@endfloatbox ...pagefalse \outer@nobreak \egroup 
                                                  \color@endbox 
l.17     \end{figure}
                     
? 

! LaTeX Error: \begin{document} ended by \end{figure}.

See the LaTeX manual or LaTeX Companion for explanation.
Type  H <return>  for immediate help.
 ...                                              
                                                  
l.17     \end{figure}
                     
? 
! Extra \endgroup.
<recently read> \endgroup 
                          
l.17     \end{figure}
                     
? 
! Missing $ inserted.
<inserted text> 
                $
l.19 (2)^^Ilookback_
                    rnn\\
? 

! LaTeX Error: Something's wrong--perhaps a missing \item.

See the LaTeX manual or LaTeX Companion for explanation.
Type  H <return>  for immediate help.
 ...                                              
                                                  
l.24 \subsection
                {PolyphonyRNN}
? 

! LaTeX Error: Something's wrong--perhaps a missing \item.

See the LaTeX manual or LaTeX Companion for explanation.
Type  H <return>  for immediate help.
 ...                                              
                                                  
l.24 \subsection
                {PolyphonyRNN}
? 

LaTeX Font Warning: Command \large invalid in math mode on input line 24.


! LaTeX Error: Command \bfseries invalid in math mode.

See the LaTeX manual or LaTeX Companion for explanation.
Type  H <return>  for immediate help.
 ...                                              
                                                  
l.24 \subsection{PolyphonyRNN}
                              
? 
! Missing $ inserted.
<inserted text> 
                $
l.24 \subsection{PolyphonyRNN}
                              
? 
! Missing } inserted.
<inserted text> 
                }
l.24 \subsection{PolyphonyRNN}
                              
? 
! Missing \endgroup inserted.
<inserted text> 
                \endgroup 
l.24 \subsection{PolyphonyRNN}
                              
? 
! Extra }, or forgotten \endgroup.
\@sect ...@svsec }\interlinepenalty \@M #8\@@par }
                                                  \endgroup \csname #1mark\e...
l.24 \subsection{PolyphonyRNN}
                              
? 
[4

]) (./chapter/chapter4.tex [5]
第 4 章
) (./chapter/chapter5.tex [6

]
第 5 章
) [7

] [8

]

! LaTeX Error: Something's wrong--perhaps a missing \item.

See the LaTeX manual or LaTeX Companion for explanation.
Type  H <return>  for immediate help.
 ...                                              
                                                  
l.59 \begin{thebibliography}{99}
                                \addcontentsline{toc}{chapter}{参考文献}%参...
? 
[9

] (./index.aux)

LaTeX Warning: Label(s) may have changed. Rerun to get cross-references right.

 ) 
Here is how much of TeX's memory you used:
 1258 strings out of 493281
 15897 string characters out of 6145040
 84907 words of memory out of 5000000
 5179 multiletter control sequences out of 15000+600000
 17170 words of font info for 67 fonts, out of 8000000 for 9000
 929 hyphenation exceptions out of 8191
 25i,7n,21p,378b,386s stack positions out of 5000i,500n,10000p,200000b,80000s

Output written on index.dvi (13 pages, 15796 bytes).
